{"/Users/rileymontague/4ourSe7en-Thematic/src/thematic.js": {"path":"/Users/rileymontague/4ourSe7en-Thematic/src/thematic.js","statementMap":{"0":{"start":{"line":8,"column":17},"end":{"line":8,"column":82}},"1":{"start":{"line":8,"column":42},"end":{"line":8,"column":81}},"2":{"start":{"line":9,"column":2},"end":{"line":12,"column":3}},"3":{"start":{"line":10,"column":4},"end":{"line":10,"column":26}},"4":{"start":{"line":11,"column":4},"end":{"line":11,"column":20}},"5":{"start":{"line":13,"column":23},"end":{"line":13,"column":72}},"6":{"start":{"line":13,"column":48},"end":{"line":13,"column":71}},"7":{"start":{"line":14,"column":2},"end":{"line":16,"column":3}},"8":{"start":{"line":15,"column":4},"end":{"line":15,"column":26}},"9":{"start":{"line":17,"column":2},"end":{"line":22,"column":3}},"10":{"start":{"line":18,"column":4},"end":{"line":21,"column":5}},"11":{"start":{"line":19,"column":6},"end":{"line":19,"column":24}},"12":{"start":{"line":20,"column":6},"end":{"line":20,"column":18}},"13":{"start":{"line":23,"column":2},"end":{"line":23,"column":40}},"14":{"start":{"line":26,"column":2},"end":{"line":34,"column":22}},"15":{"start":{"line":38,"column":2},"end":{"line":40,"column":3}},"16":{"start":{"line":39,"column":4},"end":{"line":39,"column":22}},"17":{"start":{"line":42,"column":2},"end":{"line":45,"column":3}},"18":{"start":{"line":43,"column":4},"end":{"line":43,"column":56}},"19":{"start":{"line":44,"column":4},"end":{"line":44,"column":27}},"20":{"start":{"line":47,"column":2},"end":{"line":47,"column":51}},"21":{"start":{"line":48,"column":2},"end":{"line":48,"column":24}},"22":{"start":{"line":52,"column":24},"end":{"line":52,"column":57}},"23":{"start":{"line":53,"column":20},"end":{"line":53,"column":71}},"24":{"start":{"line":53,"column":49},"end":{"line":53,"column":70}},"25":{"start":{"line":55,"column":12},"end":{"line":55,"column":56}},"26":{"start":{"line":56,"column":23},"end":{"line":56,"column":49}},"27":{"start":{"line":57,"column":24},"end":{"line":57,"column":72}},"28":{"start":{"line":57,"column":50},"end":{"line":57,"column":71}},"29":{"start":{"line":58,"column":21},"end":{"line":58,"column":70}},"30":{"start":{"line":58,"column":47},"end":{"line":58,"column":69}},"31":{"start":{"line":59,"column":20},"end":{"line":59,"column":61}},"32":{"start":{"line":61,"column":17},"end":{"line":66,"column":3}},"33":{"start":{"line":67,"column":2},"end":{"line":67,"column":41}},"34":{"start":{"line":68,"column":2},"end":{"line":68,"column":24}},"35":{"start":{"line":72,"column":2},"end":{"line":72,"column":41}},"36":{"start":{"line":76,"column":2},"end":{"line":76,"column":21}},"37":{"start":{"line":79,"column":0},"end":{"line":79,"column":19}},"38":{"start":{"line":82,"column":15},"end":{"line":82,"column":55}},"39":{"start":{"line":83,"column":2},"end":{"line":90,"column":3}},"40":{"start":{"line":84,"column":19},"end":{"line":84,"column":31}},"41":{"start":{"line":85,"column":4},"end":{"line":88,"column":5}},"42":{"start":{"line":86,"column":16},"end":{"line":86,"column":67}},"43":{"start":{"line":87,"column":6},"end":{"line":87,"column":18}},"44":{"start":{"line":89,"column":4},"end":{"line":89,"column":19}},"45":{"start":{"line":91,"column":2},"end":{"line":91,"column":53}},"46":{"start":{"line":95,"column":16},"end":{"line":95,"column":49}},"47":{"start":{"line":97,"column":2},"end":{"line":100,"column":3}},"48":{"start":{"line":98,"column":4},"end":{"line":98,"column":40}},"49":{"start":{"line":99,"column":4},"end":{"line":99,"column":10}},"50":{"start":{"line":102,"column":2},"end":{"line":105,"column":3}},"51":{"start":{"line":103,"column":4},"end":{"line":103,"column":45}},"52":{"start":{"line":104,"column":4},"end":{"line":104,"column":10}},"53":{"start":{"line":107,"column":21},"end":{"line":107,"column":36}},"54":{"start":{"line":108,"column":24},"end":{"line":108,"column":78}},"55":{"start":{"line":108,"column":58},"end":{"line":108,"column":77}},"56":{"start":{"line":110,"column":2},"end":{"line":114,"column":3}},"57":{"start":{"line":111,"column":4},"end":{"line":111,"column":58}},"58":{"start":{"line":113,"column":4},"end":{"line":113,"column":45}},"59":{"start":{"line":116,"column":23},"end":{"line":116,"column":61}},"60":{"start":{"line":117,"column":20},"end":{"line":117,"column":53}},"61":{"start":{"line":119,"column":2},"end":{"line":119,"column":24}},"62":{"start":{"line":121,"column":2},"end":{"line":121,"column":59}},"63":{"start":{"line":122,"column":2},"end":{"line":122,"column":54}},"64":{"start":{"line":125,"column":0},"end":{"line":125,"column":42}},"65":{"start":{"line":128,"column":15},"end":{"line":128,"column":53}},"66":{"start":{"line":129,"column":2},"end":{"line":133,"column":3}},"67":{"start":{"line":130,"column":4},"end":{"line":130,"column":50}},"68":{"start":{"line":131,"column":14},"end":{"line":131,"column":55}},"69":{"start":{"line":132,"column":4},"end":{"line":132,"column":73}},"70":{"start":{"line":137,"column":15},"end":{"line":137,"column":53}},"71":{"start":{"line":138,"column":2},"end":{"line":141,"column":3}},"72":{"start":{"line":139,"column":4},"end":{"line":139,"column":51}},"73":{"start":{"line":140,"column":4},"end":{"line":140,"column":40}},"74":{"start":{"line":144,"column":0},"end":{"line":148,"column":2}},"75":{"start":{"line":145,"column":2},"end":{"line":147,"column":3}},"76":{"start":{"line":146,"column":4},"end":{"line":146,"column":56}},"77":{"start":{"line":146,"column":37},"end":{"line":146,"column":53}},"78":{"start":{"line":151,"column":2},"end":{"line":163,"column":3}},"79":{"start":{"line":153,"column":6},"end":{"line":153,"column":58}},"80":{"start":{"line":153,"column":39},"end":{"line":153,"column":55}},"81":{"start":{"line":154,"column":6},"end":{"line":154,"column":38}},"82":{"start":{"line":155,"column":6},"end":{"line":155,"column":11}},"83":{"start":{"line":157,"column":6},"end":{"line":157,"column":57}},"84":{"start":{"line":157,"column":38},"end":{"line":157,"column":54}},"85":{"start":{"line":158,"column":6},"end":{"line":158,"column":38}},"86":{"start":{"line":159,"column":6},"end":{"line":159,"column":11}},"87":{"start":{"line":161,"column":6},"end":{"line":161,"column":42}},"88":{"start":{"line":162,"column":6},"end":{"line":162,"column":11}},"89":{"start":{"line":166,"column":0},"end":{"line":166,"column":52}},"90":{"start":{"line":169,"column":2},"end":{"line":173,"column":3}},"91":{"start":{"line":170,"column":4},"end":{"line":170,"column":8}},"92":{"start":{"line":172,"column":4},"end":{"line":172,"column":12}},"93":{"start":{"line":177,"column":2},"end":{"line":181,"column":3}},"94":{"start":{"line":178,"column":4},"end":{"line":178,"column":14}},"95":{"start":{"line":180,"column":4},"end":{"line":180,"column":18}},"96":{"start":{"line":185,"column":2},"end":{"line":217,"column":3}},"97":{"start":{"line":187,"column":6},"end":{"line":195,"column":7}},"98":{"start":{"line":188,"column":18},"end":{"line":188,"column":65}},"99":{"start":{"line":189,"column":29},"end":{"line":189,"column":43}},"100":{"start":{"line":190,"column":8},"end":{"line":190,"column":71}},"101":{"start":{"line":191,"column":8},"end":{"line":191,"column":60}},"102":{"start":{"line":192,"column":8},"end":{"line":192,"column":64}},"103":{"start":{"line":194,"column":8},"end":{"line":194,"column":34}},"104":{"start":{"line":196,"column":6},"end":{"line":196,"column":11}},"105":{"start":{"line":198,"column":6},"end":{"line":198,"column":45}},"106":{"start":{"line":199,"column":6},"end":{"line":199,"column":11}},"107":{"start":{"line":201,"column":6},"end":{"line":212,"column":7}},"108":{"start":{"line":202,"column":18},"end":{"line":202,"column":56}},"109":{"start":{"line":203,"column":21},"end":{"line":203,"column":27}},"110":{"start":{"line":204,"column":8},"end":{"line":208,"column":9}},"111":{"start":{"line":205,"column":10},"end":{"line":205,"column":66}},"112":{"start":{"line":207,"column":10},"end":{"line":207,"column":68}},"113":{"start":{"line":209,"column":8},"end":{"line":209,"column":55}},"114":{"start":{"line":211,"column":8},"end":{"line":211,"column":34}},"115":{"start":{"line":213,"column":6},"end":{"line":213,"column":11}},"116":{"start":{"line":215,"column":6},"end":{"line":215,"column":47}},"117":{"start":{"line":216,"column":6},"end":{"line":216,"column":11}},"118":{"start":{"line":221,"column":2},"end":{"line":221,"column":25}},"119":{"start":{"line":224,"column":0},"end":{"line":224,"column":54}},"120":{"start":{"line":227,"column":2},"end":{"line":232,"column":4}},"121":{"start":{"line":236,"column":15},"end":{"line":236,"column":53}},"122":{"start":{"line":237,"column":2},"end":{"line":237,"column":41}},"123":{"start":{"line":237,"column":35},"end":{"line":237,"column":41}},"124":{"start":{"line":239,"column":2},"end":{"line":239,"column":33}},"125":{"start":{"line":241,"column":2},"end":{"line":246,"column":3}},"126":{"start":{"line":242,"column":4},"end":{"line":244,"column":5}},"127":{"start":{"line":243,"column":6},"end":{"line":243,"column":31}},"128":{"start":{"line":245,"column":4},"end":{"line":245,"column":73}},"129":{"start":{"line":248,"column":2},"end":{"line":250,"column":3}},"130":{"start":{"line":249,"column":4},"end":{"line":249,"column":29}},"131":{"start":{"line":254,"column":2},"end":{"line":256,"column":3}},"132":{"start":{"line":255,"column":4},"end":{"line":255,"column":23}},"133":{"start":{"line":259,"column":0},"end":{"line":259,"column":62}},"134":{"start":{"line":260,"column":0},"end":{"line":260,"column":64}},"135":{"start":{"line":262,"column":0},"end":{"line":267,"column":2}},"136":{"start":{"line":263,"column":20},"end":{"line":263,"column":35}},"137":{"start":{"line":264,"column":2},"end":{"line":266,"column":41}},"138":{"start":{"line":265,"column":4},"end":{"line":265,"column":50}},"139":{"start":{"line":266,"column":22},"end":{"line":266,"column":38}},"140":{"start":{"line":270,"column":19},"end":{"line":282,"column":1}},"141":{"start":{"line":284,"column":0},"end":{"line":286,"column":1}},"142":{"start":{"line":285,"column":2},"end":{"line":285,"column":29}}},"fnMap":{"0":{"name":"getDefaultTheme","decl":{"start":{"line":7,"column":9},"end":{"line":7,"column":24}},"loc":{"start":{"line":7,"column":37},"end":{"line":24,"column":1}},"line":7},"1":{"name":"(anonymous_1)","decl":{"start":{"line":8,"column":34},"end":{"line":8,"column":35}},"loc":{"start":{"line":8,"column":42},"end":{"line":8,"column":81}},"line":8},"2":{"name":"(anonymous_2)","decl":{"start":{"line":13,"column":40},"end":{"line":13,"column":41}},"loc":{"start":{"line":13,"column":48},"end":{"line":13,"column":71}},"line":13},"3":{"name":"isDefaultTheme","decl":{"start":{"line":25,"column":9},"end":{"line":25,"column":23}},"loc":{"start":{"line":25,"column":32},"end":{"line":35,"column":1}},"line":25},"4":{"name":"getCurrentId","decl":{"start":{"line":37,"column":9},"end":{"line":37,"column":21}},"loc":{"start":{"line":37,"column":52},"end":{"line":49,"column":1}},"line":37},"5":{"name":"buildThemes","decl":{"start":{"line":51,"column":15},"end":{"line":51,"column":26}},"loc":{"start":{"line":51,"column":30},"end":{"line":69,"column":1}},"line":51},"6":{"name":"(anonymous_6)","decl":{"start":{"line":53,"column":41},"end":{"line":53,"column":42}},"loc":{"start":{"line":53,"column":49},"end":{"line":53,"column":70}},"line":53},"7":{"name":"(anonymous_7)","decl":{"start":{"line":57,"column":41},"end":{"line":57,"column":42}},"loc":{"start":{"line":57,"column":50},"end":{"line":57,"column":71}},"line":57},"8":{"name":"(anonymous_8)","decl":{"start":{"line":58,"column":38},"end":{"line":58,"column":39}},"loc":{"start":{"line":58,"column":47},"end":{"line":58,"column":69}},"line":58},"9":{"name":"isMozillaTheme","decl":{"start":{"line":71,"column":9},"end":{"line":71,"column":23}},"loc":{"start":{"line":71,"column":32},"end":{"line":73,"column":1}},"line":71},"10":{"name":"buildThemesHelper","decl":{"start":{"line":75,"column":15},"end":{"line":75,"column":32}},"loc":{"start":{"line":75,"column":36},"end":{"line":77,"column":1}},"line":75},"11":{"name":"chooseNext","decl":{"start":{"line":81,"column":15},"end":{"line":81,"column":25}},"loc":{"start":{"line":81,"column":48},"end":{"line":92,"column":1}},"line":81},"12":{"name":"rotate","decl":{"start":{"line":94,"column":15},"end":{"line":94,"column":21}},"loc":{"start":{"line":94,"column":25},"end":{"line":123,"column":1}},"line":94},"13":{"name":"(anonymous_13)","decl":{"start":{"line":108,"column":51},"end":{"line":108,"column":52}},"loc":{"start":{"line":108,"column":58},"end":{"line":108,"column":77}},"line":108},"14":{"name":"startRotation","decl":{"start":{"line":127,"column":15},"end":{"line":127,"column":28}},"loc":{"start":{"line":127,"column":32},"end":{"line":134,"column":1}},"line":127},"15":{"name":"stopRotation","decl":{"start":{"line":136,"column":15},"end":{"line":136,"column":27}},"loc":{"start":{"line":136,"column":31},"end":{"line":142,"column":1}},"line":136},"16":{"name":"(anonymous_16)","decl":{"start":{"line":144,"column":38},"end":{"line":144,"column":39}},"loc":{"start":{"line":144,"column":48},"end":{"line":148,"column":1}},"line":144},"17":{"name":"(anonymous_17)","decl":{"start":{"line":146,"column":26},"end":{"line":146,"column":27}},"loc":{"start":{"line":146,"column":35},"end":{"line":146,"column":55}},"line":146},"18":{"name":"handleMessage","decl":{"start":{"line":150,"column":9},"end":{"line":150,"column":22}},"loc":{"start":{"line":150,"column":55},"end":{"line":164,"column":1}},"line":150},"19":{"name":"(anonymous_19)","decl":{"start":{"line":153,"column":28},"end":{"line":153,"column":29}},"loc":{"start":{"line":153,"column":37},"end":{"line":153,"column":57}},"line":153},"20":{"name":"(anonymous_20)","decl":{"start":{"line":157,"column":27},"end":{"line":157,"column":28}},"loc":{"start":{"line":157,"column":36},"end":{"line":157,"column":56}},"line":157},"21":{"name":"jestTest","decl":{"start":{"line":168,"column":9},"end":{"line":168,"column":17}},"loc":{"start":{"line":168,"column":31},"end":{"line":174,"column":1}},"line":168},"22":{"name":"jestTestAwait","decl":{"start":{"line":176,"column":15},"end":{"line":176,"column":28}},"loc":{"start":{"line":176,"column":42},"end":{"line":182,"column":1}},"line":176},"23":{"name":"commands","decl":{"start":{"line":184,"column":15},"end":{"line":184,"column":23}},"loc":{"start":{"line":184,"column":34},"end":{"line":218,"column":1}},"line":184},"24":{"name":"commandsHelper","decl":{"start":{"line":220,"column":15},"end":{"line":220,"column":29}},"loc":{"start":{"line":220,"column":40},"end":{"line":222,"column":1}},"line":220},"25":{"name":"buildToolsMenuItem","decl":{"start":{"line":226,"column":9},"end":{"line":226,"column":27}},"loc":{"start":{"line":226,"column":36},"end":{"line":233,"column":1}},"line":226},"26":{"name":"buildToolsMenu","decl":{"start":{"line":235,"column":15},"end":{"line":235,"column":29}},"loc":{"start":{"line":235,"column":39},"end":{"line":251,"column":1}},"line":235},"27":{"name":"extensionInstalled","decl":{"start":{"line":253,"column":9},"end":{"line":253,"column":27}},"loc":{"start":{"line":253,"column":35},"end":{"line":257,"column":1}},"line":253},"28":{"name":"(anonymous_28)","decl":{"start":{"line":262,"column":36},"end":{"line":262,"column":37}},"loc":{"start":{"line":262,"column":46},"end":{"line":267,"column":1}},"line":262},"29":{"name":"(anonymous_29)","decl":{"start":{"line":264,"column":59},"end":{"line":264,"column":60}},"loc":{"start":{"line":264,"column":65},"end":{"line":266,"column":3}},"line":264},"30":{"name":"(anonymous_30)","decl":{"start":{"line":266,"column":11},"end":{"line":266,"column":12}},"loc":{"start":{"line":266,"column":20},"end":{"line":266,"column":40}},"line":266}},"branchMap":{"0":{"loc":{"start":{"line":9,"column":2},"end":{"line":12,"column":3}},"type":"if","locations":[{"start":{"line":9,"column":2},"end":{"line":12,"column":3}},{"start":{},"end":{}}],"line":9},"1":{"loc":{"start":{"line":14,"column":2},"end":{"line":16,"column":3}},"type":"if","locations":[{"start":{"line":14,"column":2},"end":{"line":16,"column":3}},{"start":{},"end":{}}],"line":14},"2":{"loc":{"start":{"line":18,"column":4},"end":{"line":21,"column":5}},"type":"if","locations":[{"start":{"line":18,"column":4},"end":{"line":21,"column":5}},{"start":{},"end":{}}],"line":18},"3":{"loc":{"start":{"line":38,"column":2},"end":{"line":40,"column":3}},"type":"if","locations":[{"start":{"line":38,"column":2},"end":{"line":40,"column":3}},{"start":{},"end":{}}],"line":38},"4":{"loc":{"start":{"line":42,"column":2},"end":{"line":45,"column":3}},"type":"if","locations":[{"start":{"line":42,"column":2},"end":{"line":45,"column":3}},{"start":{},"end":{}}],"line":42},"5":{"loc":{"start":{"line":83,"column":2},"end":{"line":90,"column":3}},"type":"if","locations":[{"start":{"line":83,"column":2},"end":{"line":90,"column":3}},{"start":{},"end":{}}],"line":83},"6":{"loc":{"start":{"line":97,"column":2},"end":{"line":100,"column":3}},"type":"if","locations":[{"start":{"line":97,"column":2},"end":{"line":100,"column":3}},{"start":{},"end":{}}],"line":97},"7":{"loc":{"start":{"line":102,"column":2},"end":{"line":105,"column":3}},"type":"if","locations":[{"start":{"line":102,"column":2},"end":{"line":105,"column":3}},{"start":{},"end":{}}],"line":102},"8":{"loc":{"start":{"line":110,"column":2},"end":{"line":114,"column":3}},"type":"if","locations":[{"start":{"line":110,"column":2},"end":{"line":114,"column":3}},{"start":{"line":112,"column":9},"end":{"line":114,"column":3}}],"line":110},"9":{"loc":{"start":{"line":129,"column":2},"end":{"line":133,"column":3}},"type":"if","locations":[{"start":{"line":129,"column":2},"end":{"line":133,"column":3}},{"start":{},"end":{}}],"line":129},"10":{"loc":{"start":{"line":138,"column":2},"end":{"line":141,"column":3}},"type":"if","locations":[{"start":{"line":138,"column":2},"end":{"line":141,"column":3}},{"start":{},"end":{}}],"line":138},"11":{"loc":{"start":{"line":145,"column":2},"end":{"line":147,"column":3}},"type":"if","locations":[{"start":{"line":145,"column":2},"end":{"line":147,"column":3}},{"start":{},"end":{}}],"line":145},"12":{"loc":{"start":{"line":151,"column":2},"end":{"line":163,"column":3}},"type":"switch","locations":[{"start":{"line":152,"column":4},"end":{"line":155,"column":11}},{"start":{"line":156,"column":4},"end":{"line":159,"column":11}},{"start":{"line":160,"column":4},"end":{"line":162,"column":11}}],"line":151},"13":{"loc":{"start":{"line":169,"column":2},"end":{"line":173,"column":3}},"type":"if","locations":[{"start":{"line":169,"column":2},"end":{"line":173,"column":3}},{"start":{"line":171,"column":9},"end":{"line":173,"column":3}}],"line":169},"14":{"loc":{"start":{"line":177,"column":2},"end":{"line":181,"column":3}},"type":"if","locations":[{"start":{"line":177,"column":2},"end":{"line":181,"column":3}},{"start":{"line":179,"column":9},"end":{"line":181,"column":3}}],"line":177},"15":{"loc":{"start":{"line":185,"column":2},"end":{"line":217,"column":3}},"type":"switch","locations":[{"start":{"line":186,"column":4},"end":{"line":196,"column":11}},{"start":{"line":197,"column":4},"end":{"line":199,"column":11}},{"start":{"line":200,"column":4},"end":{"line":213,"column":11}},{"start":{"line":214,"column":4},"end":{"line":216,"column":11}}],"line":185},"16":{"loc":{"start":{"line":204,"column":8},"end":{"line":208,"column":9}},"type":"if","locations":[{"start":{"line":204,"column":8},"end":{"line":208,"column":9}},{"start":{"line":206,"column":15},"end":{"line":208,"column":9}}],"line":204},"17":{"loc":{"start":{"line":237,"column":2},"end":{"line":237,"column":41}},"type":"if","locations":[{"start":{"line":237,"column":2},"end":{"line":237,"column":41}},{"start":{},"end":{}}],"line":237},"18":{"loc":{"start":{"line":241,"column":2},"end":{"line":246,"column":3}},"type":"if","locations":[{"start":{"line":241,"column":2},"end":{"line":246,"column":3}},{"start":{},"end":{}}],"line":241},"19":{"loc":{"start":{"line":254,"column":2},"end":{"line":256,"column":3}},"type":"if","locations":[{"start":{"line":254,"column":2},"end":{"line":256,"column":3}},{"start":{},"end":{}}],"line":254},"20":{"loc":{"start":{"line":284,"column":0},"end":{"line":286,"column":1}},"type":"if","locations":[{"start":{"line":284,"column":0},"end":{"line":286,"column":1}},{"start":{},"end":{}}],"line":284}},"s":{"0":5,"1":11,"2":5,"3":3,"4":3,"5":2,"6":2,"7":2,"8":1,"9":1,"10":1,"11":0,"12":0,"13":1,"14":3,"15":5,"16":2,"17":3,"18":1,"19":1,"20":2,"21":2,"22":2,"23":2,"24":18,"25":2,"26":2,"27":2,"28":8,"29":2,"30":8,"31":2,"32":2,"33":2,"34":2,"35":16,"36":1,"37":1,"38":9,"39":9,"40":0,"41":0,"42":0,"43":0,"44":0,"45":9,"46":4,"47":4,"48":1,"49":1,"50":3,"51":1,"52":1,"53":2,"54":2,"55":2,"56":2,"57":1,"58":1,"59":2,"60":2,"61":2,"62":2,"63":2,"64":1,"65":2,"66":2,"67":2,"68":2,"69":2,"70":2,"71":2,"72":2,"73":2,"74":1,"75":1,"76":0,"77":0,"78":3,"79":1,"80":0,"81":1,"82":1,"83":1,"84":0,"85":1,"86":1,"87":1,"88":1,"89":1,"90":1,"91":0,"92":1,"93":1,"94":0,"95":1,"96":5,"97":3,"98":3,"99":3,"100":3,"101":1,"102":1,"103":2,"104":3,"105":1,"106":1,"107":0,"108":0,"109":0,"110":0,"111":0,"112":0,"113":0,"114":0,"115":0,"116":1,"117":1,"118":0,"119":1,"120":9,"121":2,"122":2,"123":0,"124":2,"125":2,"126":0,"127":0,"128":0,"129":2,"130":8,"131":0,"132":0,"133":1,"134":1,"135":1,"136":0,"137":0,"138":0,"139":0,"140":1,"141":1,"142":1},"f":{"0":5,"1":11,"2":2,"3":3,"4":5,"5":2,"6":18,"7":8,"8":8,"9":16,"10":1,"11":9,"12":4,"13":2,"14":2,"15":2,"16":1,"17":0,"18":3,"19":0,"20":0,"21":1,"22":1,"23":5,"24":0,"25":9,"26":2,"27":0,"28":0,"29":0,"30":0},"b":{"0":[3,2],"1":[1,1],"2":[0,1],"3":[2,3],"4":[1,2],"5":[0,9],"6":[1,3],"7":[1,2],"8":[1,1],"9":[2,0],"10":[2,0],"11":[0,1],"12":[1,1,1],"13":[0,1],"14":[0,1],"15":[3,1,0,1],"16":[0,0],"17":[0,2],"18":[0,2],"19":[0,0],"20":[1,0]},"_coverageSchema":"1a1c01bbd47fc00a2c39e90264f33305004495a9","hash":"5dc2ee253bc5e36ceed52d47847552b7bb062e0b"}
}
