{"/Users/rileymontague/4ourSe7en-Thematic/src/thematic.js": {"path":"/Users/rileymontague/4ourSe7en-Thematic/src/thematic.js","statementMap":{"0":{"start":{"line":8,"column":0},"end":{"line":10,"column":1}},"1":{"start":{"line":9,"column":15},"end":{"line":9,"column":17}},"2":{"start":{"line":12,"column":0},"end":{"line":24,"column":1}},"3":{"start":{"line":27,"column":15},"end":{"line":27,"column":64}},"4":{"start":{"line":27,"column":40},"end":{"line":27,"column":63}},"5":{"start":{"line":28,"column":2},"end":{"line":31,"column":3}},"6":{"start":{"line":29,"column":4},"end":{"line":29,"column":26}},"7":{"start":{"line":30,"column":4},"end":{"line":30,"column":20}},"8":{"start":{"line":33,"column":2},"end":{"line":33,"column":76}},"9":{"start":{"line":33,"column":36},"end":{"line":33,"column":75}},"10":{"start":{"line":34,"column":2},"end":{"line":37,"column":3}},"11":{"start":{"line":35,"column":4},"end":{"line":35,"column":26}},"12":{"start":{"line":36,"column":4},"end":{"line":36,"column":20}},"13":{"start":{"line":40,"column":2},"end":{"line":45,"column":3}},"14":{"start":{"line":41,"column":4},"end":{"line":44,"column":5}},"15":{"start":{"line":42,"column":6},"end":{"line":42,"column":24}},"16":{"start":{"line":43,"column":6},"end":{"line":43,"column":18}},"17":{"start":{"line":46,"column":2},"end":{"line":46,"column":40}},"18":{"start":{"line":50,"column":2},"end":{"line":58,"column":22}},"19":{"start":{"line":62,"column":2},"end":{"line":64,"column":3}},"20":{"start":{"line":63,"column":4},"end":{"line":63,"column":22}},"21":{"start":{"line":66,"column":2},"end":{"line":69,"column":3}},"22":{"start":{"line":67,"column":4},"end":{"line":67,"column":56}},"23":{"start":{"line":68,"column":4},"end":{"line":68,"column":27}},"24":{"start":{"line":71,"column":2},"end":{"line":71,"column":51}},"25":{"start":{"line":72,"column":2},"end":{"line":72,"column":24}},"26":{"start":{"line":76,"column":24},"end":{"line":76,"column":57}},"27":{"start":{"line":77,"column":20},"end":{"line":77,"column":71}},"28":{"start":{"line":77,"column":49},"end":{"line":77,"column":70}},"29":{"start":{"line":80,"column":12},"end":{"line":80,"column":56}},"30":{"start":{"line":81,"column":23},"end":{"line":81,"column":49}},"31":{"start":{"line":82,"column":24},"end":{"line":82,"column":72}},"32":{"start":{"line":82,"column":50},"end":{"line":82,"column":71}},"33":{"start":{"line":83,"column":21},"end":{"line":83,"column":70}},"34":{"start":{"line":83,"column":47},"end":{"line":83,"column":69}},"35":{"start":{"line":84,"column":20},"end":{"line":84,"column":61}},"36":{"start":{"line":86,"column":17},"end":{"line":91,"column":3}},"37":{"start":{"line":92,"column":2},"end":{"line":92,"column":41}},"38":{"start":{"line":93,"column":2},"end":{"line":93,"column":24}},"39":{"start":{"line":97,"column":2},"end":{"line":97,"column":41}},"40":{"start":{"line":103,"column":2},"end":{"line":103,"column":21}},"41":{"start":{"line":106,"column":0},"end":{"line":106,"column":19}},"42":{"start":{"line":117,"column":15},"end":{"line":117,"column":55}},"43":{"start":{"line":118,"column":2},"end":{"line":125,"column":3}},"44":{"start":{"line":119,"column":19},"end":{"line":119,"column":31}},"45":{"start":{"line":120,"column":4},"end":{"line":123,"column":5}},"46":{"start":{"line":121,"column":16},"end":{"line":121,"column":67}},"47":{"start":{"line":122,"column":6},"end":{"line":122,"column":18}},"48":{"start":{"line":124,"column":4},"end":{"line":124,"column":19}},"49":{"start":{"line":126,"column":2},"end":{"line":126,"column":53}},"50":{"start":{"line":130,"column":16},"end":{"line":130,"column":49}},"51":{"start":{"line":132,"column":2},"end":{"line":135,"column":3}},"52":{"start":{"line":133,"column":4},"end":{"line":133,"column":40}},"53":{"start":{"line":134,"column":4},"end":{"line":134,"column":10}},"54":{"start":{"line":137,"column":2},"end":{"line":140,"column":3}},"55":{"start":{"line":138,"column":4},"end":{"line":138,"column":45}},"56":{"start":{"line":139,"column":4},"end":{"line":139,"column":10}},"57":{"start":{"line":142,"column":21},"end":{"line":142,"column":36}},"58":{"start":{"line":143,"column":2},"end":{"line":143,"column":36}},"59":{"start":{"line":144,"column":24},"end":{"line":144,"column":78}},"60":{"start":{"line":144,"column":58},"end":{"line":144,"column":77}},"61":{"start":{"line":146,"column":2},"end":{"line":151,"column":3}},"62":{"start":{"line":148,"column":4},"end":{"line":148,"column":45}},"63":{"start":{"line":150,"column":4},"end":{"line":150,"column":58}},"64":{"start":{"line":153,"column":23},"end":{"line":153,"column":61}},"65":{"start":{"line":154,"column":20},"end":{"line":154,"column":53}},"66":{"start":{"line":155,"column":2},"end":{"line":155,"column":33}},"67":{"start":{"line":157,"column":2},"end":{"line":157,"column":59}},"68":{"start":{"line":158,"column":2},"end":{"line":158,"column":54}},"69":{"start":{"line":161,"column":0},"end":{"line":161,"column":42}},"70":{"start":{"line":164,"column":15},"end":{"line":164,"column":53}},"71":{"start":{"line":165,"column":2},"end":{"line":169,"column":3}},"72":{"start":{"line":166,"column":4},"end":{"line":166,"column":50}},"73":{"start":{"line":167,"column":14},"end":{"line":167,"column":55}},"74":{"start":{"line":168,"column":4},"end":{"line":168,"column":73}},"75":{"start":{"line":173,"column":15},"end":{"line":173,"column":53}},"76":{"start":{"line":174,"column":2},"end":{"line":177,"column":3}},"77":{"start":{"line":175,"column":4},"end":{"line":175,"column":51}},"78":{"start":{"line":176,"column":4},"end":{"line":176,"column":40}},"79":{"start":{"line":180,"column":0},"end":{"line":184,"column":2}},"80":{"start":{"line":181,"column":2},"end":{"line":183,"column":3}},"81":{"start":{"line":182,"column":4},"end":{"line":182,"column":56}},"82":{"start":{"line":182,"column":37},"end":{"line":182,"column":53}},"83":{"start":{"line":187,"column":2},"end":{"line":187,"column":77}},"84":{"start":{"line":188,"column":2},"end":{"line":201,"column":3}},"85":{"start":{"line":190,"column":6},"end":{"line":190,"column":58}},"86":{"start":{"line":190,"column":39},"end":{"line":190,"column":55}},"87":{"start":{"line":191,"column":6},"end":{"line":191,"column":38}},"88":{"start":{"line":192,"column":6},"end":{"line":192,"column":11}},"89":{"start":{"line":194,"column":6},"end":{"line":194,"column":57}},"90":{"start":{"line":194,"column":38},"end":{"line":194,"column":54}},"91":{"start":{"line":195,"column":6},"end":{"line":195,"column":38}},"92":{"start":{"line":196,"column":6},"end":{"line":196,"column":11}},"93":{"start":{"line":198,"column":6},"end":{"line":198,"column":45}},"94":{"start":{"line":199,"column":6},"end":{"line":199,"column":42}},"95":{"start":{"line":200,"column":6},"end":{"line":200,"column":11}},"96":{"start":{"line":204,"column":0},"end":{"line":204,"column":52}},"97":{"start":{"line":209,"column":2},"end":{"line":213,"column":3}},"98":{"start":{"line":210,"column":4},"end":{"line":210,"column":8}},"99":{"start":{"line":212,"column":4},"end":{"line":212,"column":12}},"100":{"start":{"line":217,"column":2},"end":{"line":221,"column":3}},"101":{"start":{"line":218,"column":4},"end":{"line":218,"column":14}},"102":{"start":{"line":220,"column":4},"end":{"line":220,"column":18}},"103":{"start":{"line":226,"column":2},"end":{"line":258,"column":3}},"104":{"start":{"line":228,"column":6},"end":{"line":236,"column":7}},"105":{"start":{"line":229,"column":18},"end":{"line":229,"column":65}},"106":{"start":{"line":230,"column":29},"end":{"line":230,"column":43}},"107":{"start":{"line":231,"column":8},"end":{"line":231,"column":71}},"108":{"start":{"line":232,"column":8},"end":{"line":232,"column":60}},"109":{"start":{"line":233,"column":8},"end":{"line":233,"column":64}},"110":{"start":{"line":235,"column":8},"end":{"line":235,"column":34}},"111":{"start":{"line":237,"column":6},"end":{"line":237,"column":11}},"112":{"start":{"line":239,"column":6},"end":{"line":239,"column":45}},"113":{"start":{"line":240,"column":6},"end":{"line":240,"column":11}},"114":{"start":{"line":242,"column":6},"end":{"line":253,"column":7}},"115":{"start":{"line":243,"column":18},"end":{"line":243,"column":56}},"116":{"start":{"line":244,"column":21},"end":{"line":244,"column":27}},"117":{"start":{"line":245,"column":8},"end":{"line":249,"column":9}},"118":{"start":{"line":246,"column":10},"end":{"line":246,"column":66}},"119":{"start":{"line":248,"column":10},"end":{"line":248,"column":68}},"120":{"start":{"line":250,"column":8},"end":{"line":250,"column":55}},"121":{"start":{"line":252,"column":8},"end":{"line":252,"column":34}},"122":{"start":{"line":254,"column":6},"end":{"line":254,"column":11}},"123":{"start":{"line":256,"column":6},"end":{"line":256,"column":46}},"124":{"start":{"line":257,"column":6},"end":{"line":257,"column":11}},"125":{"start":{"line":262,"column":2},"end":{"line":262,"column":25}},"126":{"start":{"line":265,"column":0},"end":{"line":265,"column":54}},"127":{"start":{"line":268,"column":2},"end":{"line":273,"column":4}},"128":{"start":{"line":277,"column":15},"end":{"line":277,"column":53}},"129":{"start":{"line":279,"column":2},"end":{"line":281,"column":3}},"130":{"start":{"line":280,"column":4},"end":{"line":280,"column":10}},"131":{"start":{"line":283,"column":2},"end":{"line":283,"column":33}},"132":{"start":{"line":285,"column":2},"end":{"line":294,"column":3}},"133":{"start":{"line":286,"column":4},"end":{"line":288,"column":5}},"134":{"start":{"line":287,"column":6},"end":{"line":287,"column":31}},"135":{"start":{"line":290,"column":4},"end":{"line":293,"column":6}},"136":{"start":{"line":296,"column":2},"end":{"line":298,"column":3}},"137":{"start":{"line":297,"column":4},"end":{"line":297,"column":29}},"138":{"start":{"line":302,"column":2},"end":{"line":304,"column":3}},"139":{"start":{"line":303,"column":4},"end":{"line":303,"column":23}},"140":{"start":{"line":306,"column":0},"end":{"line":306,"column":62}},"141":{"start":{"line":307,"column":0},"end":{"line":307,"column":64}},"142":{"start":{"line":309,"column":0},"end":{"line":315,"column":2}},"143":{"start":{"line":310,"column":2},"end":{"line":310,"column":19}},"144":{"start":{"line":311,"column":20},"end":{"line":311,"column":35}},"145":{"start":{"line":312,"column":2},"end":{"line":314,"column":41}},"146":{"start":{"line":313,"column":4},"end":{"line":313,"column":50}},"147":{"start":{"line":314,"column":22},"end":{"line":314,"column":38}}},"fnMap":{"0":{"name":"getDefaultTheme","decl":{"start":{"line":26,"column":9},"end":{"line":26,"column":24}},"loc":{"start":{"line":26,"column":37},"end":{"line":47,"column":1}},"line":26},"1":{"name":"(anonymous_1)","decl":{"start":{"line":27,"column":32},"end":{"line":27,"column":33}},"loc":{"start":{"line":27,"column":40},"end":{"line":27,"column":63}},"line":27},"2":{"name":"(anonymous_2)","decl":{"start":{"line":33,"column":28},"end":{"line":33,"column":29}},"loc":{"start":{"line":33,"column":36},"end":{"line":33,"column":75}},"line":33},"3":{"name":"isDefaultTheme","decl":{"start":{"line":49,"column":9},"end":{"line":49,"column":23}},"loc":{"start":{"line":49,"column":32},"end":{"line":59,"column":1}},"line":49},"4":{"name":"getCurrentId","decl":{"start":{"line":61,"column":9},"end":{"line":61,"column":21}},"loc":{"start":{"line":61,"column":52},"end":{"line":73,"column":1}},"line":61},"5":{"name":"buildThemes","decl":{"start":{"line":75,"column":15},"end":{"line":75,"column":26}},"loc":{"start":{"line":75,"column":30},"end":{"line":94,"column":1}},"line":75},"6":{"name":"(anonymous_6)","decl":{"start":{"line":77,"column":41},"end":{"line":77,"column":42}},"loc":{"start":{"line":77,"column":49},"end":{"line":77,"column":70}},"line":77},"7":{"name":"(anonymous_7)","decl":{"start":{"line":82,"column":41},"end":{"line":82,"column":42}},"loc":{"start":{"line":82,"column":50},"end":{"line":82,"column":71}},"line":82},"8":{"name":"(anonymous_8)","decl":{"start":{"line":83,"column":38},"end":{"line":83,"column":39}},"loc":{"start":{"line":83,"column":47},"end":{"line":83,"column":69}},"line":83},"9":{"name":"isMozillaTheme","decl":{"start":{"line":96,"column":9},"end":{"line":96,"column":23}},"loc":{"start":{"line":96,"column":32},"end":{"line":98,"column":1}},"line":96},"10":{"name":"buildThemesHelper","decl":{"start":{"line":102,"column":15},"end":{"line":102,"column":32}},"loc":{"start":{"line":102,"column":36},"end":{"line":104,"column":1}},"line":102},"11":{"name":"chooseNext","decl":{"start":{"line":116,"column":15},"end":{"line":116,"column":25}},"loc":{"start":{"line":116,"column":48},"end":{"line":127,"column":1}},"line":116},"12":{"name":"rotate","decl":{"start":{"line":129,"column":15},"end":{"line":129,"column":21}},"loc":{"start":{"line":129,"column":25},"end":{"line":159,"column":1}},"line":129},"13":{"name":"(anonymous_13)","decl":{"start":{"line":144,"column":51},"end":{"line":144,"column":52}},"loc":{"start":{"line":144,"column":58},"end":{"line":144,"column":77}},"line":144},"14":{"name":"startRotation","decl":{"start":{"line":163,"column":15},"end":{"line":163,"column":28}},"loc":{"start":{"line":163,"column":32},"end":{"line":170,"column":1}},"line":163},"15":{"name":"stopRotation","decl":{"start":{"line":172,"column":15},"end":{"line":172,"column":27}},"loc":{"start":{"line":172,"column":31},"end":{"line":178,"column":1}},"line":172},"16":{"name":"(anonymous_16)","decl":{"start":{"line":180,"column":38},"end":{"line":180,"column":39}},"loc":{"start":{"line":180,"column":48},"end":{"line":184,"column":1}},"line":180},"17":{"name":"(anonymous_17)","decl":{"start":{"line":182,"column":26},"end":{"line":182,"column":27}},"loc":{"start":{"line":182,"column":35},"end":{"line":182,"column":55}},"line":182},"18":{"name":"handleMessage","decl":{"start":{"line":186,"column":9},"end":{"line":186,"column":22}},"loc":{"start":{"line":186,"column":55},"end":{"line":202,"column":1}},"line":186},"19":{"name":"(anonymous_19)","decl":{"start":{"line":190,"column":28},"end":{"line":190,"column":29}},"loc":{"start":{"line":190,"column":37},"end":{"line":190,"column":57}},"line":190},"20":{"name":"(anonymous_20)","decl":{"start":{"line":194,"column":27},"end":{"line":194,"column":28}},"loc":{"start":{"line":194,"column":36},"end":{"line":194,"column":56}},"line":194},"21":{"name":"jestTest","decl":{"start":{"line":208,"column":9},"end":{"line":208,"column":17}},"loc":{"start":{"line":208,"column":31},"end":{"line":214,"column":1}},"line":208},"22":{"name":"jestTestAwait","decl":{"start":{"line":216,"column":15},"end":{"line":216,"column":28}},"loc":{"start":{"line":216,"column":42},"end":{"line":222,"column":1}},"line":216},"23":{"name":"commands","decl":{"start":{"line":224,"column":15},"end":{"line":224,"column":23}},"loc":{"start":{"line":224,"column":34},"end":{"line":259,"column":1}},"line":224},"24":{"name":"commandsHelper","decl":{"start":{"line":261,"column":15},"end":{"line":261,"column":29}},"loc":{"start":{"line":261,"column":40},"end":{"line":263,"column":1}},"line":261},"25":{"name":"buildToolsMenuItem","decl":{"start":{"line":267,"column":9},"end":{"line":267,"column":27}},"loc":{"start":{"line":267,"column":36},"end":{"line":274,"column":1}},"line":267},"26":{"name":"buildToolsMenu","decl":{"start":{"line":276,"column":15},"end":{"line":276,"column":29}},"loc":{"start":{"line":276,"column":39},"end":{"line":299,"column":1}},"line":276},"27":{"name":"extensionInstalled","decl":{"start":{"line":301,"column":9},"end":{"line":301,"column":27}},"loc":{"start":{"line":301,"column":35},"end":{"line":305,"column":1}},"line":301},"28":{"name":"(anonymous_28)","decl":{"start":{"line":309,"column":36},"end":{"line":309,"column":37}},"loc":{"start":{"line":309,"column":46},"end":{"line":315,"column":1}},"line":309},"29":{"name":"(anonymous_29)","decl":{"start":{"line":312,"column":59},"end":{"line":312,"column":60}},"loc":{"start":{"line":312,"column":65},"end":{"line":314,"column":3}},"line":312},"30":{"name":"(anonymous_30)","decl":{"start":{"line":314,"column":11},"end":{"line":314,"column":12}},"loc":{"start":{"line":314,"column":20},"end":{"line":314,"column":40}},"line":314}},"branchMap":{"0":{"loc":{"start":{"line":8,"column":0},"end":{"line":10,"column":1}},"type":"if","locations":[{"start":{"line":8,"column":0},"end":{"line":10,"column":1}},{"start":{"line":8,"column":0},"end":{"line":10,"column":1}}],"line":8},"1":{"loc":{"start":{"line":28,"column":2},"end":{"line":31,"column":3}},"type":"if","locations":[{"start":{"line":28,"column":2},"end":{"line":31,"column":3}},{"start":{"line":28,"column":2},"end":{"line":31,"column":3}}],"line":28},"2":{"loc":{"start":{"line":34,"column":2},"end":{"line":37,"column":3}},"type":"if","locations":[{"start":{"line":34,"column":2},"end":{"line":37,"column":3}},{"start":{"line":34,"column":2},"end":{"line":37,"column":3}}],"line":34},"3":{"loc":{"start":{"line":41,"column":4},"end":{"line":44,"column":5}},"type":"if","locations":[{"start":{"line":41,"column":4},"end":{"line":44,"column":5}},{"start":{"line":41,"column":4},"end":{"line":44,"column":5}}],"line":41},"4":{"loc":{"start":{"line":62,"column":2},"end":{"line":64,"column":3}},"type":"if","locations":[{"start":{"line":62,"column":2},"end":{"line":64,"column":3}},{"start":{"line":62,"column":2},"end":{"line":64,"column":3}}],"line":62},"5":{"loc":{"start":{"line":66,"column":2},"end":{"line":69,"column":3}},"type":"if","locations":[{"start":{"line":66,"column":2},"end":{"line":69,"column":3}},{"start":{"line":66,"column":2},"end":{"line":69,"column":3}}],"line":66},"6":{"loc":{"start":{"line":118,"column":2},"end":{"line":125,"column":3}},"type":"if","locations":[{"start":{"line":118,"column":2},"end":{"line":125,"column":3}},{"start":{"line":118,"column":2},"end":{"line":125,"column":3}}],"line":118},"7":{"loc":{"start":{"line":132,"column":2},"end":{"line":135,"column":3}},"type":"if","locations":[{"start":{"line":132,"column":2},"end":{"line":135,"column":3}},{"start":{"line":132,"column":2},"end":{"line":135,"column":3}}],"line":132},"8":{"loc":{"start":{"line":137,"column":2},"end":{"line":140,"column":3}},"type":"if","locations":[{"start":{"line":137,"column":2},"end":{"line":140,"column":3}},{"start":{"line":137,"column":2},"end":{"line":140,"column":3}}],"line":137},"9":{"loc":{"start":{"line":146,"column":2},"end":{"line":151,"column":3}},"type":"if","locations":[{"start":{"line":146,"column":2},"end":{"line":151,"column":3}},{"start":{"line":146,"column":2},"end":{"line":151,"column":3}}],"line":146},"10":{"loc":{"start":{"line":165,"column":2},"end":{"line":169,"column":3}},"type":"if","locations":[{"start":{"line":165,"column":2},"end":{"line":169,"column":3}},{"start":{"line":165,"column":2},"end":{"line":169,"column":3}}],"line":165},"11":{"loc":{"start":{"line":174,"column":2},"end":{"line":177,"column":3}},"type":"if","locations":[{"start":{"line":174,"column":2},"end":{"line":177,"column":3}},{"start":{"line":174,"column":2},"end":{"line":177,"column":3}}],"line":174},"12":{"loc":{"start":{"line":181,"column":2},"end":{"line":183,"column":3}},"type":"if","locations":[{"start":{"line":181,"column":2},"end":{"line":183,"column":3}},{"start":{"line":181,"column":2},"end":{"line":183,"column":3}}],"line":181},"13":{"loc":{"start":{"line":188,"column":2},"end":{"line":201,"column":3}},"type":"switch","locations":[{"start":{"line":189,"column":4},"end":{"line":192,"column":11}},{"start":{"line":193,"column":4},"end":{"line":196,"column":11}},{"start":{"line":197,"column":4},"end":{"line":200,"column":11}}],"line":188},"14":{"loc":{"start":{"line":209,"column":2},"end":{"line":213,"column":3}},"type":"if","locations":[{"start":{"line":209,"column":2},"end":{"line":213,"column":3}},{"start":{"line":209,"column":2},"end":{"line":213,"column":3}}],"line":209},"15":{"loc":{"start":{"line":217,"column":2},"end":{"line":221,"column":3}},"type":"if","locations":[{"start":{"line":217,"column":2},"end":{"line":221,"column":3}},{"start":{"line":217,"column":2},"end":{"line":221,"column":3}}],"line":217},"16":{"loc":{"start":{"line":226,"column":2},"end":{"line":258,"column":3}},"type":"switch","locations":[{"start":{"line":227,"column":4},"end":{"line":237,"column":11}},{"start":{"line":238,"column":4},"end":{"line":240,"column":11}},{"start":{"line":241,"column":4},"end":{"line":254,"column":11}},{"start":{"line":255,"column":4},"end":{"line":257,"column":11}}],"line":226},"17":{"loc":{"start":{"line":245,"column":8},"end":{"line":249,"column":9}},"type":"if","locations":[{"start":{"line":245,"column":8},"end":{"line":249,"column":9}},{"start":{"line":245,"column":8},"end":{"line":249,"column":9}}],"line":245},"18":{"loc":{"start":{"line":279,"column":2},"end":{"line":281,"column":3}},"type":"if","locations":[{"start":{"line":279,"column":2},"end":{"line":281,"column":3}},{"start":{"line":279,"column":2},"end":{"line":281,"column":3}}],"line":279},"19":{"loc":{"start":{"line":285,"column":2},"end":{"line":294,"column":3}},"type":"if","locations":[{"start":{"line":285,"column":2},"end":{"line":294,"column":3}},{"start":{"line":285,"column":2},"end":{"line":294,"column":3}}],"line":285},"20":{"loc":{"start":{"line":302,"column":2},"end":{"line":304,"column":3}},"type":"if","locations":[{"start":{"line":302,"column":2},"end":{"line":304,"column":3}},{"start":{"line":302,"column":2},"end":{"line":304,"column":3}}],"line":302}},"s":{"0":1,"1":0,"2":1,"3":5,"4":11,"5":5,"6":3,"7":3,"8":2,"9":2,"10":2,"11":1,"12":1,"13":1,"14":1,"15":0,"16":0,"17":1,"18":3,"19":5,"20":2,"21":3,"22":1,"23":1,"24":2,"25":2,"26":2,"27":2,"28":18,"29":2,"30":2,"31":2,"32":8,"33":2,"34":8,"35":2,"36":2,"37":2,"38":2,"39":16,"40":1,"41":1,"42":8,"43":8,"44":0,"45":0,"46":0,"47":0,"48":0,"49":8,"50":3,"51":3,"52":1,"53":1,"54":2,"55":1,"56":1,"57":1,"58":1,"59":1,"60":1,"61":1,"62":1,"63":0,"64":1,"65":1,"66":1,"67":1,"68":1,"69":1,"70":2,"71":2,"72":2,"73":2,"74":2,"75":2,"76":2,"77":2,"78":2,"79":1,"80":1,"81":0,"82":0,"83":3,"84":3,"85":1,"86":0,"87":1,"88":1,"89":1,"90":0,"91":1,"92":1,"93":1,"94":1,"95":1,"96":1,"97":1,"98":0,"99":1,"100":1,"101":0,"102":1,"103":5,"104":3,"105":3,"106":3,"107":3,"108":1,"109":1,"110":2,"111":3,"112":1,"113":1,"114":0,"115":0,"116":0,"117":0,"118":0,"119":0,"120":0,"121":0,"122":0,"123":1,"124":1,"125":0,"126":1,"127":9,"128":2,"129":2,"130":0,"131":2,"132":2,"133":0,"134":0,"135":0,"136":2,"137":8,"138":0,"139":0,"140":1,"141":1,"142":1,"143":0,"144":0,"145":0,"146":0,"147":0},"f":{"0":5,"1":11,"2":2,"3":3,"4":5,"5":2,"6":18,"7":8,"8":8,"9":16,"10":1,"11":8,"12":3,"13":1,"14":2,"15":2,"16":1,"17":0,"18":3,"19":0,"20":0,"21":1,"22":1,"23":5,"24":0,"25":9,"26":2,"27":0,"28":0,"29":0,"30":0},"b":{"0":[0,1],"1":[3,2],"2":[1,1],"3":[0,1],"4":[2,3],"5":[1,2],"6":[0,8],"7":[1,2],"8":[1,1],"9":[1,0],"10":[2,0],"11":[2,0],"12":[0,1],"13":[1,1,1],"14":[0,1],"15":[0,1],"16":[3,1,0,1],"17":[0,0],"18":[0,2],"19":[0,2],"20":[0,0]},"_coverageSchema":"1a1c01bbd47fc00a2c39e90264f33305004495a9","hash":"ed93e877248e4e0fdfaad5942ae62ed1266a3fd2"}
}
