TN:
SF:src\thematic.js
FN:7,getDefaultTheme
FN:8,(anonymous_1)
FN:22,isDefaultTheme
FN:34,getCurrentId
FN:48,getGroupedThemes
FN:72,createGroup
FN:76,addThemeToGroup
FN:88,removeThemeFromGroup
FN:91,(anonymous_8)
FN:98,deleteGroup
FN:99,(anonymous_10)
FN:102,getGroups
FN:107,saveGroups
FN:111,buildThemes
FN:113,(anonymous_14)
FN:117,(anonymous_15)
FN:118,(anonymous_16)
FN:137,isMozillaTheme
FN:141,buildThemesHelper
FN:147,chooseNext
FN:160,rotate
FN:174,(anonymous_21)
FN:189,startRotation
FN:198,stopRotation
FN:206,(anonymous_24)
FN:208,(anonymous_25)
FN:212,handleMessage
FN:215,(anonymous_27)
FN:219,(anonymous_28)
FN:234,jestTest
FN:242,jestTestAwait
FN:250,commands
FN:283,commandsHelper
FN:289,buildToolsMenuItem
FN:298,buildToolsMenu
FN:316,extensionInstalled
FN:320,(anonymous_36)
FN:329,(anonymous_37)
FN:331,(anonymous_38)
FN:333,(anonymous_39)
FNF:40
FNH:30
FNDA:6,getDefaultTheme
FNDA:15,(anonymous_1)
FNDA:4,isDefaultTheme
FNDA:6,getCurrentId
FNDA:5,getGroupedThemes
FNDA:1,createGroup
FNDA:3,addThemeToGroup
FNDA:1,removeThemeFromGroup
FNDA:3,(anonymous_8)
FNDA:1,deleteGroup
FNDA:3,(anonymous_10)
FNDA:3,getGroups
FNDA:0,saveGroups
FNDA:3,buildThemes
FNDA:27,(anonymous_14)
FNDA:12,(anonymous_15)
FNDA:12,(anonymous_16)
FNDA:24,isMozillaTheme
FNDA:2,buildThemesHelper
FNDA:11,chooseNext
FNDA:5,rotate
FNDA:3,(anonymous_21)
FNDA:2,startRotation
FNDA:5,stopRotation
FNDA:1,(anonymous_24)
FNDA:0,(anonymous_25)
FNDA:4,handleMessage
FNDA:0,(anonymous_27)
FNDA:0,(anonymous_28)
FNDA:2,jestTest
FNDA:3,jestTestAwait
FNDA:8,commands
FNDA:0,commandsHelper
FNDA:13,buildToolsMenuItem
FNDA:3,buildToolsMenu
FNDA:0,extensionInstalled
FNDA:0,(anonymous_36)
FNDA:0,(anonymous_37)
FNDA:0,(anonymous_38)
FNDA:0,(anonymous_39)
DA:8,15
DA:9,6
DA:10,4
DA:11,4
DA:14,2
DA:15,2
DA:16,1
DA:17,1
DA:20,1
DA:23,4
DA:35,6
DA:36,3
DA:39,3
DA:40,1
DA:41,1
DA:44,2
DA:45,2
DA:49,5
DA:50,5
DA:52,5
DA:53,6
DA:54,6
DA:55,7
DA:56,4
DA:57,3
DA:59,4
DA:60,4
DA:61,4
DA:64,6
DA:65,2
DA:69,5
DA:73,1
DA:77,3
DA:78,5
DA:79,2
DA:80,1
DA:82,2
DA:85,1
DA:89,1
DA:90,1
DA:91,3
DA:92,1
DA:95,0
DA:99,3
DA:103,3
DA:104,3
DA:108,0
DA:112,3
DA:113,27
DA:115,3
DA:116,3
DA:117,12
DA:118,12
DA:119,3
DA:121,3
DA:122,3
DA:124,3
DA:133,3
DA:134,3
DA:138,24
DA:142,2
DA:145,1
DA:148,11
DA:149,11
DA:150,0
DA:151,0
DA:152,0
DA:153,0
DA:155,0
DA:157,11
DA:161,5
DA:163,5
DA:164,1
DA:165,1
DA:168,4
DA:169,1
DA:170,1
DA:173,3
DA:174,3
DA:176,3
DA:177,2
DA:180,3
DA:181,3
DA:183,3
DA:184,3
DA:187,1
DA:190,2
DA:191,2
DA:192,2
DA:193,2
DA:194,2
DA:199,5
DA:200,5
DA:201,5
DA:202,5
DA:206,1
DA:207,1
DA:208,0
DA:213,4
DA:215,1
DA:216,1
DA:217,1
DA:219,1
DA:220,1
DA:221,1
DA:223,1
DA:224,1
DA:225,1
DA:227,1
DA:228,1
DA:232,1
DA:235,2
DA:236,0
DA:238,2
DA:243,3
DA:244,0
DA:246,3
DA:251,8
DA:253,5
DA:254,5
DA:255,5
DA:256,5
DA:257,3
DA:258,3
DA:260,2
DA:262,5
DA:264,2
DA:265,2
DA:267,0
DA:268,0
DA:269,0
DA:270,0
DA:271,0
DA:273,0
DA:275,0
DA:277,0
DA:279,0
DA:284,0
DA:287,1
DA:290,13
DA:299,3
DA:300,3
DA:302,3
DA:304,3
DA:305,0
DA:306,0
DA:308,0
DA:311,3
DA:312,12
DA:317,0
DA:318,0
DA:319,0
DA:320,0
DA:321,0
DA:326,1
DA:327,1
DA:329,1
DA:330,0
DA:331,0
DA:332,0
DA:333,0
DA:337,1
DA:358,1
DA:359,1
LF:164
LH:132
BRDA:9,0,0,4
BRDA:9,0,1,2
BRDA:15,1,0,1
BRDA:15,1,1,1
BRDA:35,2,0,3
BRDA:35,2,1,3
BRDA:39,3,0,1
BRDA:39,3,1,2
BRDA:55,4,0,4
BRDA:55,4,1,3
BRDA:55,5,0,7
BRDA:55,5,1,7
BRDA:56,6,0,3
BRDA:56,6,1,1
BRDA:64,7,0,2
BRDA:64,7,1,4
BRDA:78,8,0,2
BRDA:78,8,1,3
BRDA:79,9,0,1
BRDA:79,9,1,1
BRDA:90,10,0,1
BRDA:90,10,1,0
BRDA:104,11,0,3
BRDA:104,11,1,3
BRDA:149,12,0,0
BRDA:149,12,1,11
BRDA:163,13,0,1
BRDA:163,13,1,4
BRDA:168,14,0,1
BRDA:168,14,1,3
BRDA:176,15,0,2
BRDA:176,15,1,1
BRDA:191,16,0,2
BRDA:191,16,1,0
BRDA:200,17,0,5
BRDA:200,17,1,0
BRDA:207,18,0,0
BRDA:207,18,1,1
BRDA:213,19,0,1
BRDA:213,19,1,1
BRDA:213,19,2,1
BRDA:213,19,3,1
BRDA:235,20,0,0
BRDA:235,20,1,2
BRDA:243,21,0,0
BRDA:243,21,1,3
BRDA:251,22,0,5
BRDA:251,22,1,2
BRDA:251,22,2,0
BRDA:270,23,0,0
BRDA:270,23,1,0
BRDA:300,24,0,0
BRDA:300,24,1,3
BRDA:304,25,0,0
BRDA:304,25,1,3
BRDA:318,26,0,0
BRDA:318,26,1,0
BRDA:358,27,0,1
BRDA:358,27,1,0
BRF:59
BRH:44
end_of_record
