TN:
SF:src/thematic.js
FN:7,getDefaultTheme
FN:8,(anonymous_1)
FN:13,(anonymous_2)
FN:25,isDefaultTheme
FN:37,getCurrentId
FN:51,buildThemes
FN:53,(anonymous_6)
FN:57,(anonymous_7)
FN:58,(anonymous_8)
FN:71,isMozillaTheme
FN:75,buildThemesHelper
FN:81,chooseNext
FN:94,rotate
FN:108,(anonymous_13)
FN:127,startRotation
FN:136,stopRotation
FN:144,(anonymous_16)
FN:146,(anonymous_17)
FN:150,handleMessage
FN:153,(anonymous_19)
FN:157,(anonymous_20)
FN:168,jestTest
FN:176,jestTestAwait
FN:184,commands
FN:220,commandsHelper
FN:226,buildToolsMenuItem
FN:235,buildToolsMenu
FN:253,extensionInstalled
FN:262,(anonymous_28)
FN:264,(anonymous_29)
FN:266,(anonymous_30)
FNF:31
FNH:23
FNDA:5,getDefaultTheme
FNDA:11,(anonymous_1)
FNDA:2,(anonymous_2)
FNDA:3,isDefaultTheme
FNDA:5,getCurrentId
FNDA:2,buildThemes
FNDA:18,(anonymous_6)
FNDA:8,(anonymous_7)
FNDA:8,(anonymous_8)
FNDA:16,isMozillaTheme
FNDA:1,buildThemesHelper
FNDA:9,chooseNext
FNDA:4,rotate
FNDA:2,(anonymous_13)
FNDA:2,startRotation
FNDA:2,stopRotation
FNDA:1,(anonymous_16)
FNDA:0,(anonymous_17)
FNDA:3,handleMessage
FNDA:0,(anonymous_19)
FNDA:0,(anonymous_20)
FNDA:1,jestTest
FNDA:1,jestTestAwait
FNDA:5,commands
FNDA:0,commandsHelper
FNDA:9,buildToolsMenuItem
FNDA:2,buildToolsMenu
FNDA:0,extensionInstalled
FNDA:0,(anonymous_28)
FNDA:0,(anonymous_29)
FNDA:0,(anonymous_30)
DA:8,11
DA:9,5
DA:10,3
DA:11,3
DA:13,2
DA:14,2
DA:15,1
DA:17,1
DA:18,1
DA:19,0
DA:20,0
DA:23,1
DA:26,3
DA:38,5
DA:39,2
DA:42,3
DA:43,1
DA:44,1
DA:47,2
DA:48,2
DA:52,2
DA:53,18
DA:55,2
DA:56,2
DA:57,8
DA:58,8
DA:59,2
DA:61,2
DA:67,2
DA:68,2
DA:72,16
DA:76,1
DA:79,1
DA:82,9
DA:83,9
DA:84,0
DA:85,0
DA:86,0
DA:87,0
DA:89,0
DA:91,9
DA:95,4
DA:97,4
DA:98,1
DA:99,1
DA:102,3
DA:103,1
DA:104,1
DA:107,2
DA:108,2
DA:110,2
DA:111,1
DA:113,1
DA:116,2
DA:117,2
DA:119,2
DA:121,2
DA:122,2
DA:125,1
DA:128,2
DA:129,2
DA:130,2
DA:131,2
DA:132,2
DA:137,2
DA:138,2
DA:139,2
DA:140,2
DA:144,1
DA:145,1
DA:146,0
DA:151,3
DA:153,1
DA:154,1
DA:155,1
DA:157,1
DA:158,1
DA:159,1
DA:161,1
DA:162,1
DA:166,1
DA:169,1
DA:170,0
DA:172,1
DA:177,1
DA:178,0
DA:180,1
DA:185,5
DA:187,3
DA:188,3
DA:189,3
DA:190,3
DA:191,1
DA:192,1
DA:194,2
DA:196,3
DA:198,1
DA:199,1
DA:201,0
DA:202,0
DA:203,0
DA:204,0
DA:205,0
DA:207,0
DA:209,0
DA:211,0
DA:213,0
DA:215,1
DA:216,1
DA:221,0
DA:224,1
DA:227,9
DA:236,2
DA:237,2
DA:239,2
DA:241,2
DA:242,0
DA:243,0
DA:245,0
DA:248,2
DA:249,8
DA:254,0
DA:255,0
DA:259,1
DA:260,1
DA:262,1
DA:263,0
DA:264,0
DA:265,0
DA:266,0
DA:270,1
DA:284,1
DA:285,1
LF:133
LH:104
BRDA:9,0,0,3
BRDA:9,0,1,2
BRDA:14,1,0,1
BRDA:14,1,1,1
BRDA:18,2,0,0
BRDA:18,2,1,1
BRDA:38,3,0,2
BRDA:38,3,1,3
BRDA:42,4,0,1
BRDA:42,4,1,2
BRDA:83,5,0,0
BRDA:83,5,1,9
BRDA:97,6,0,1
BRDA:97,6,1,3
BRDA:102,7,0,1
BRDA:102,7,1,2
BRDA:110,8,0,1
BRDA:110,8,1,1
BRDA:129,9,0,2
BRDA:129,9,1,0
BRDA:138,10,0,2
BRDA:138,10,1,0
BRDA:145,11,0,0
BRDA:145,11,1,1
BRDA:151,12,0,1
BRDA:151,12,1,1
BRDA:151,12,2,1
BRDA:169,13,0,0
BRDA:169,13,1,1
BRDA:177,14,0,0
BRDA:177,14,1,1
BRDA:185,15,0,3
BRDA:185,15,1,1
BRDA:185,15,2,0
BRDA:185,15,3,1
BRDA:204,16,0,0
BRDA:204,16,1,0
BRDA:237,17,0,0
BRDA:237,17,1,2
BRDA:241,18,0,0
BRDA:241,18,1,2
BRDA:254,19,0,0
BRDA:254,19,1,0
BRDA:284,20,0,1
BRDA:284,20,1,0
BRF:45
BRH:30
end_of_record
